Performing C++ SOURCE FILE Test CMAKE_HAVE_LIBC_PTHREAD failed with the following output:
Change Dir: /home/guanzhi/Documents/CUDA_and_TensorRT/Chapter_1/code/builds/CMakeFiles/CMakeTmp

Run Build Command(s):/usr/bin/make -f Makefile cmTC_0401a/fast && /usr/bin/make  -f CMakeFiles/cmTC_0401a.dir/build.make CMakeFiles/cmTC_0401a.dir/build
make[1]: Entering directory '/home/guanzhi/Documents/CUDA_and_TensorRT/Chapter_1/code/builds/CMakeFiles/CMakeTmp'
Building CXX object CMakeFiles/cmTC_0401a.dir/src.cxx.o
/usr/bin/c++ -DCMAKE_HAVE_LIBC_PTHREAD   -o CMakeFiles/cmTC_0401a.dir/src.cxx.o -c /home/guanzhi/Documents/CUDA_and_TensorRT/Chapter_1/code/builds/CMakeFiles/CMakeTmp/src.cxx
Linking CXX executable cmTC_0401a
/usr/local/bin/cmake -E cmake_link_script CMakeFiles/cmTC_0401a.dir/link.txt --verbose=1
/usr/bin/c++ CMakeFiles/cmTC_0401a.dir/src.cxx.o -o cmTC_0401a 
CMakeFiles/cmTC_0401a.dir/src.cxx.o: In function `main':
src.cxx:(.text+0x3e): undefined reference to `pthread_create'
src.cxx:(.text+0x4a): undefined reference to `pthread_detach'
src.cxx:(.text+0x56): undefined reference to `pthread_cancel'
src.cxx:(.text+0x67): undefined reference to `pthread_join'
src.cxx:(.text+0x7b): undefined reference to `pthread_atfork'
collect2: error: ld returned 1 exit status
CMakeFiles/cmTC_0401a.dir/build.make:98: recipe for target 'cmTC_0401a' failed
make[1]: *** [cmTC_0401a] Error 1
make[1]: Leaving directory '/home/guanzhi/Documents/CUDA_and_TensorRT/Chapter_1/code/builds/CMakeFiles/CMakeTmp'
Makefile:127: recipe for target 'cmTC_0401a/fast' failed
make: *** [cmTC_0401a/fast] Error 2


Source file was:
#include <pthread.h>

static void* test_func(void* data)
{
  return data;
}

int main(void)
{
  pthread_t thread;
  pthread_create(&thread, NULL, test_func, NULL);
  pthread_detach(thread);
  pthread_cancel(thread);
  pthread_join(thread, NULL);
  pthread_atfork(NULL, NULL, NULL);
  pthread_exit(NULL);

  return 0;
}

Determining if the function pthread_create exists in the pthreads failed with the following output:
Change Dir: /home/guanzhi/Documents/CUDA_and_TensorRT/Chapter_1/code/builds/CMakeFiles/CMakeTmp

Run Build Command(s):/usr/bin/make -f Makefile cmTC_05877/fast && /usr/bin/make  -f CMakeFiles/cmTC_05877.dir/build.make CMakeFiles/cmTC_05877.dir/build
make[1]: Entering directory '/home/guanzhi/Documents/CUDA_and_TensorRT/Chapter_1/code/builds/CMakeFiles/CMakeTmp'
Building CXX object CMakeFiles/cmTC_05877.dir/CheckFunctionExists.cxx.o
/usr/bin/c++   -DCHECK_FUNCTION_EXISTS=pthread_create -o CMakeFiles/cmTC_05877.dir/CheckFunctionExists.cxx.o -c /home/guanzhi/Documents/CUDA_and_TensorRT/Chapter_1/code/builds/CMakeFiles/CheckLibraryExists/CheckFunctionExists.cxx
Linking CXX executable cmTC_05877
/usr/local/bin/cmake -E cmake_link_script CMakeFiles/cmTC_05877.dir/link.txt --verbose=1
/usr/bin/c++  -DCHECK_FUNCTION_EXISTS=pthread_create CMakeFiles/cmTC_05877.dir/CheckFunctionExists.cxx.o -o cmTC_05877  -lpthreads 
/usr/bin/ld: cannot find -lpthreads
collect2: error: ld returned 1 exit status
CMakeFiles/cmTC_05877.dir/build.make:98: recipe for target 'cmTC_05877' failed
make[1]: *** [cmTC_05877] Error 1
make[1]: Leaving directory '/home/guanzhi/Documents/CUDA_and_TensorRT/Chapter_1/code/builds/CMakeFiles/CMakeTmp'
Makefile:127: recipe for target 'cmTC_05877/fast' failed
make: *** [cmTC_05877/fast] Error 2



